[INFO] Scanning for projects...
[INFO] 
[INFO] -----------------< com.hms:hospital-management-system >-----------------
[INFO] Building Hospital Management System 1.0.0
[INFO]   from pom.xml
[INFO] --------------------------------[ jar ]---------------------------------
[INFO] 
[INFO] >>> spring-boot:3.2.3:run (default-cli) > test-compile @ hospital-management-system >>>
[INFO] 
[INFO] --- resources:3.3.1:resources (default-resources) @ hospital-management-system ---
[INFO] Copying 1 resource from src\main\resources to target\classes
[INFO] Copying 0 resource from src\main\resources to target\classes
[INFO] 
[INFO] --- compiler:3.11.0:compile (default-compile) @ hospital-management-system ---
[INFO] Nothing to compile - all classes are up to date
[INFO] 
[INFO] --- resources:3.3.1:testResources (default-testResources) @ hospital-management-system ---
[INFO] skip non existing resourceDirectory E:\HMS\backend\src\test\resources
[INFO] 
[INFO] --- compiler:3.11.0:testCompile (default-testCompile) @ hospital-management-system ---
[INFO] No sources to compile
[INFO] 
[INFO] <<< spring-boot:3.2.3:run (default-cli) < test-compile @ hospital-management-system <<<
[INFO] 
[INFO] 
[INFO] --- spring-boot:3.2.3:run (default-cli) @ hospital-management-system ---
[INFO] Attaching agents: []

  .   ____          _            __ _ _
 /\\ / ___'_ __ _ _(_)_ __  __ _ \ \ \ \
( ( )\___ | '_ | '_| | '_ \/ _` | \ \ \ \
 \\/  ___)| |_)| | | | | || (_| |  ) ) ) )
  '  |____| .__|_| |_|_| |_\__, | / / / /
 =========|_|==============|___/=/_/_/_/
 :: Spring Boot ::                (v3.2.3)

2026-03-11T22:16:33.230+05:30  INFO 11748 --- [HMS] [           main] com.hms.HmsApplication                   : Starting HmsApplication using Java 21.0.1 with PID 11748 (E:\HMS\backend\target\classes started by Muthurajan in E:\HMS\backend)
2026-03-11T22:16:33.232+05:30  INFO 11748 --- [HMS] [           main] com.hms.HmsApplication                   : No active profile set, falling back to 1 default profile: "default"
2026-03-11T22:16:34.173+05:30  INFO 11748 --- [HMS] [           main] .s.d.r.c.RepositoryConfigurationDelegate : Bootstrapping Spring Data JPA repositories in DEFAULT mode.
2026-03-11T22:16:34.258+05:30  INFO 11748 --- [HMS] [           main] .s.d.r.c.RepositoryConfigurationDelegate : Finished Spring Data repository scanning in 76 ms. Found 4 JPA repository interfaces.
2026-03-11T22:16:34.990+05:30  INFO 11748 --- [HMS] [           main] o.s.b.w.embedded.tomcat.TomcatWebServer  : Tomcat initialized with port 8080 (http)
2026-03-11T22:16:35.004+05:30  INFO 11748 --- [HMS] [           main] o.apache.catalina.core.StandardService   : Starting service [Tomcat]
2026-03-11T22:16:35.005+05:30  INFO 11748 --- [HMS] [           main] o.apache.catalina.core.StandardEngine    : Starting Servlet engine: [Apache Tomcat/10.1.19]
2026-03-11T22:16:35.086+05:30  INFO 11748 --- [HMS] [           main] o.a.c.c.C.[Tomcat].[localhost].[/]       : Initializing Spring embedded WebApplicationContext
2026-03-11T22:16:35.088+05:30  INFO 11748 --- [HMS] [           main] w.s.c.ServletWebServerApplicationContext : Root WebApplicationContext: initialization completed in 1797 ms
2026-03-11T22:16:35.139+05:30  INFO 11748 --- [HMS] [           main] com.zaxxer.hikari.HikariDataSource       : HikariPool-1 - Starting...
2026-03-11T22:16:35.412+05:30  INFO 11748 --- [HMS] [           main] com.zaxxer.hikari.pool.HikariPool        : HikariPool-1 - Added connection conn0: url=jdbc:h2:mem:hospitaldb user=SA
2026-03-11T22:16:35.414+05:30  INFO 11748 --- [HMS] [           main] com.zaxxer.hikari.HikariDataSource       : HikariPool-1 - Start completed.
2026-03-11T22:16:35.432+05:30  INFO 11748 --- [HMS] [           main] o.s.b.a.h2.H2ConsoleAutoConfiguration    : H2 console available at '/h2-console'. Database available at 'jdbc:h2:mem:hospitaldb'
2026-03-11T22:16:35.566+05:30  INFO 11748 --- [HMS] [           main] o.hibernate.jpa.internal.util.LogHelper  : HHH000204: Processing PersistenceUnitInfo [name: default]
2026-03-11T22:16:35.644+05:30  INFO 11748 --- [HMS] [           main] org.hibernate.Version                    : HHH000412: Hibernate ORM core version 6.4.4.Final
2026-03-11T22:16:35.690+05:30  INFO 11748 --- [HMS] [           main] o.h.c.internal.RegionFactoryInitiator    : HHH000026: Second-level cache disabled
2026-03-11T22:16:35.990+05:30  INFO 11748 --- [HMS] [           main] o.s.o.j.p.SpringPersistenceUnitInfo      : No LoadTimeWeaver setup: ignoring JPA class transformer
2026-03-11T22:16:36.034+05:30  WARN 11748 --- [HMS] [           main] org.hibernate.orm.deprecation            : HHH90000025: H2Dialect does not need to be specified explicitly using 'hibernate.dialect' (remove the property setting and it will be selected by default)
2026-03-11T22:16:37.376+05:30  INFO 11748 --- [HMS] [           main] o.h.e.t.j.p.i.JtaPlatformInitiator       : HHH000489: No JTA platform available (set 'hibernate.transaction.jta.platform' to enable JTA platform integration)
Hibernate: create table appointments (id bigint generated by default as identity, appointment_date date not null, created_at timestamp(6), end_time time(6) not null, fee float(53), start_time time(6) not null, status varchar(255) not null check (status in ('BOOKED','CONFIRMED','COMPLETED','CANCELLED')), doctor_id bigint not null, patient_id bigint not null, primary key (id))
Hibernate: create table available_slots (id bigint generated by default as identity, date date not null, end_time time(6) not null, start_time time(6) not null, doctor_id bigint, primary key (id))
Hibernate: create table departments (id bigint generated by default as identity, active boolean, description varchar(255), name varchar(255), primary key (id))
Hibernate: create table users (id bigint generated by default as identity, department varchar(255), email varchar(255), name varchar(255), password varchar(255), phone varchar(255), role varchar(255) not null check (role in ('ADMIN','DOCTOR','PATIENT')), specialization varchar(255), primary key (id))
Hibernate: alter table if exists departments drop constraint if exists UK_j6cwks7xecs5jov19ro8ge3qk
Hibernate: alter table if exists departments add constraint UK_j6cwks7xecs5jov19ro8ge3qk unique (name)
Hibernate: alter table if exists users drop constraint if exists UK_6dotkott2kjsp8vw4d0m25fb7
Hibernate: alter table if exists users add constraint UK_6dotkott2kjsp8vw4d0m25fb7 unique (email)
Hibernate: alter table if exists appointments add constraint FK6u6s6egu60m2cbdjno44jbipa foreign key (doctor_id) references users
Hibernate: alter table if exists appointments add constraint FKopb2h9yhin1rb4dqote8bws6w foreign key (patient_id) references users
Hibernate: alter table if exists available_slots add constraint FK4jskdahcsyws4835k1dtxnlfy foreign key (doctor_id) references users
2026-03-11T22:16:37.511+05:30  INFO 11748 --- [HMS] [           main] j.LocalContainerEntityManagerFactoryBean : Initialized JPA EntityManagerFactory for persistence unit 'default'
2026-03-11T22:16:38.105+05:30  INFO 11748 --- [HMS] [           main] o.s.d.j.r.query.QueryEnhancerFactory     : Hibernate is in classpath; If applicable, HQL parser will be used.
2026-03-11T22:16:39.074+05:30  WARN 11748 --- [HMS] [           main] JpaBaseConfiguration$JpaWebConfiguration : spring.jpa.open-in-view is enabled by default. Therefore, database queries may be performed during view rendering. Explicitly configure spring.jpa.open-in-view to disable this warning
2026-03-11T22:16:39.516+05:30  INFO 11748 --- [HMS] [           main] o.s.s.web.DefaultSecurityFilterChain     : Will secure any request with [org.springframework.security.web.session.DisableEncodeUrlFilter@726e3907, org.springframework.security.web.context.request.async.WebAsyncManagerIntegrationFilter@2517d499, org.springframework.security.web.context.SecurityContextHolderFilter@36d56d5d, org.springframework.security.web.header.HeaderWriterFilter@5fdcc57e, org.springframework.web.filter.CorsFilter@50bae745, org.springframework.security.web.authentication.logout.LogoutFilter@69137c1d, com.hms.security.JwtAuthFilter@40ebb56, org.springframework.security.web.savedrequest.RequestCacheAwareFilter@2c143041, org.springframework.security.web.servletapi.SecurityContextHolderAwareRequestFilter@402c3dce, org.springframework.security.web.authentication.AnonymousAuthenticationFilter@6c9b2d0e, org.springframework.security.web.session.SessionManagementFilter@12f35f55, org.springframework.security.web.access.ExceptionTranslationFilter@13890ab8, org.springframework.security.web.access.intercept.AuthorizationFilter@46c22d8e]
2026-03-11T22:16:39.844+05:30  WARN 11748 --- [HMS] [           main] ConfigServletWebServerApplicationContext : Exception encountered during context initialization - cancelling refresh attempt: org.springframework.context.ApplicationContextException: Failed to start bean 'webServerStartStop'
2026-03-11T22:16:39.848+05:30  INFO 11748 --- [HMS] [           main] j.LocalContainerEntityManagerFactoryBean : Closing JPA EntityManagerFactory for persistence unit 'default'
2026-03-11T22:16:39.851+05:30  INFO 11748 --- [HMS] [           main] com.zaxxer.hikari.HikariDataSource       : HikariPool-1 - Shutdown initiated...
2026-03-11T22:16:39.853+05:30  INFO 11748 --- [HMS] [           main] com.zaxxer.hikari.HikariDataSource       : HikariPool-1 - Shutdown completed.
2026-03-11T22:16:39.867+05:30  INFO 11748 --- [HMS] [           main] .s.b.a.l.ConditionEvaluationReportLogger : 

Error starting ApplicationContext. To display the condition evaluation report re-run your application with 'debug' enabled.
2026-03-11T22:16:39.885+05:30 ERROR 11748 --- [HMS] [           main] o.s.b.d.LoggingFailureAnalysisReporter   : 

***************************
APPLICATION FAILED TO START
***************************

Description:

Web server failed to start. Port 8080 was already in use.

Action:

Identify and stop the process that's listening on port 8080 or configure this application to listen on another port.

[INFO] ------------------------------------------------------------------------
[INFO] BUILD FAILURE
[INFO] ------------------------------------------------------------------------
[INFO] Total time:  10.541 s
[INFO] Finished at: 2026-03-11T22:16:39+05:30
[INFO] ------------------------------------------------------------------------
[ERROR] Failed to execute goal org.springframework.boot:spring-boot-maven-plugin:3.2.3:run (default-cli) on project hospital-management-system: Process terminated with exit code: 1 -> [Help 1]
[ERROR] 
[ERROR] To see the full stack trace of the errors, re-run Maven with the -e switch.
[ERROR] Re-run Maven using the -X switch to enable full debug logging.
[ERROR] 
[ERROR] For more information about the errors and possible solutions, please read the following articles:
[ERROR] [Help 1] http://cwiki.apache.org/confluence/display/MAVEN/MojoExecutionException
